{"level":"info","message":"Data was successfully Fetched From Database","timestamp":"2023-09-25T14:40:55.415Z"}
{"BaseUrl":"","Host":"localhost:8000","Path":"http://localhost:8000","level":"info","message":"success","timestamp":"2023-09-25T14:42:48.278Z"}
{"BaseUrl":"","Host":"localhost:8000","Path":"http://localhost:8000","level":"info","message":"success","timestamp":"2023-09-25T14:42:50.225Z"}
{"level":"error","message":"Fetching was forbidden","timestamp":"2023-09-25T14:43:26.551Z"}
{"level":"error","message":"Fetching was forbidden","timestamp":"2023-09-25T14:44:38.578Z"}
{"BaseUrl":"","Host":"localhost:8000","Path":"http://localhost:8000","level":"error","message":"relation \"cricketerss\" does not exist","timestamp":"2023-09-25T14:45:26.031Z"}
{"BaseUrl":"","Host":"localhost:8000","Path":"http://localhost:8000","level":"info","message":"Success","timestamp":"2023-09-25T14:45:56.877Z"}
{"BaseUrl":"","Host":"localhost:8000","Path":"http://localhost:8000","level":"info","message":"Success","timestamp":"2023-09-25T14:56:30.436Z"}
{"BaseUrl":"","Host":"localhost:8000","Path":"http://localhost:8000","level":"info","message":"Success","timestamp":"2023-09-26T05:11:30.565Z"}
{"BaseUrl":"","Host":"localhost:8000","Path":"http://localhost:8000","level":"info","message":"Success","timestamp":"2023-09-26T05:23:27.895Z"}
{"BaseUrl":"","Host":"localhost:8000","Path":"http://localhost:8000","level":"info","message":"Success","timestamp":"2023-10-03T10:00:48.536Z"}
{"BaseUrl":"","Host":"localhost:8000","Path":"http://localhost:8000","level":"info","message":"Success","timestamp":"2023-10-03T10:12:56.550Z"}
{"BaseUrl":"","Host":"localhost:8000","Path":"http://localhost:8000","level":"info","message":"Success","timestamp":"2023-10-03T10:12:57.955Z"}
{"BaseUrl":"","Host":"localhost:8000","Path":"http://localhost:8000","level":"info","message":"Success","timestamp":"2023-10-03T10:12:58.891Z"}
{"BaseUrl":"","Host":"localhost:8000","Path":"http://localhost:8000","level":"info","message":"Success","timestamp":"2023-10-03T10:13:00.349Z"}
{"BaseUrl":"","Host":"localhost:8000","Path":"http://localhost:8000","level":"info","message":"Success","timestamp":"2023-10-03T10:13:09.526Z"}
{"BaseUrl":"","Host":"localhost:8000","Path":"http://localhost:8000","level":"info","message":"Success","timestamp":"2023-10-03T10:13:28.003Z"}
{"BaseUrl":"","Host":"localhost:8000","Path":"http://localhost:8000","level":"info","message":"Success","timestamp":"2023-10-03T10:15:48.055Z"}
{"BaseUrl":"","Host":"localhost:8000","Path":"http://localhost:8000","level":"error","message":"relation \"cricketerss\" does not exist","timestamp":"2023-10-03T11:39:45.398Z"}
{"BaseUrl":"","Host":"localhost:8000","Path":"http://localhost:8000","level":"error","message":"relation \"cricketerss\" does not exist","timestamp":"2023-10-03T11:40:20.952Z"}
{"BaseUrl":"","Host":"localhost:8000","Path":"http://localhost:8000","level":"error","message":"relation \"cricketerss\" does not exist","timestamp":"2023-10-09T13:22:47.802Z"}
{"BaseUrl":"","Host":"localhost:8000","Path":"http://localhost:8000","level":"info","message":"Success","timestamp":"2023-10-09T13:22:57.892Z"}
